<?xml version="1.0" encoding="UTF-8"?>
<!-- Generated by org.testng.reporters.JUnitXMLReporter -->
<testsuite ignored="4" hostname="Sukanya" failures="0" tests="2" name="TestRunner1" time="139.429" errors="0" timestamp="2025-01-29T20:19:27 IST">
  <testcase classname="campaign.CreateCampaign" name="createCampaign" time="46.249"/>
  <testcase classname="product.CreateProduct" name="createProduct" time="37.22"/>
  <testcase classname="Generic_Utilties.BaseClass" name="@BeforeSuite BS" time="0.0">
    <ignored/>
  </testcase> <!-- @BeforeSuite BS -->
  <testcase classname="Generic_Utilties.BaseClass" name="@AfterTest AT" time="0.0">
    <ignored/>
  </testcase> <!-- @AfterTest AT -->
  <testcase classname="Generic_Utilties.BaseClass" name="@BeforeTest BT" time="0.0">
    <ignored/>
  </testcase> <!-- @BeforeTest BT -->
  <testcase classname="Generic_Utilties.BaseClass" name="@AfterSuite AS" time="0.0">
    <ignored/>
  </testcase> <!-- @AfterSuite AS -->
</testsuite> <!-- TestRunner1 -->
