<?xml version="1.0" encoding="UTF-8"?>
<!-- Generated by org.testng.reporters.JUnitXMLReporter -->
<testsuite ignored="12" hostname="Sukanya" failures="1" tests="7" name="Test" time="292.992" errors="0" timestamp="2025-01-31T19:36:20 IST">
  <testcase classname="organization.CreateOrganization" name="createOrganization" time="30.294"/>
  <testcase classname="campaign.CreateCampaignWithProduct" name="createCampaignWithProduct" time="53.839"/>
  <testcase classname="campaign.CreateCampaign" name="createCampaign" time="21.016">
    <skipped/>
  </testcase> <!-- createCampaign -->
  <testcase classname="campaign.CreateCampaign" name="createCampaign" time="15.889">
    <skipped/>
  </testcase> <!-- createCampaign -->
  <testcase classname="campaign.CreateCampaign" name="createCampaign" time="17.665">
    <skipped/>
  </testcase> <!-- createCampaign -->
  <testcase classname="campaign.CreateCampaign" name="createCampaign" time="17.889">
    <failure type="java.lang.AssertionError" message="i am failing the test script">
      <![CDATA[java.lang.AssertionError: i am failing the test script
at campaign.CreateCampaign.createCampaign(CreateCampaign.java:41)
at java.base/java.util.ArrayList.forEach(ArrayList.java:1511)
... Removed 28 stack frames]]>
    </failure>
  </testcase> <!-- createCampaign -->
  <testcase classname="product.CreateProduct" name="createProduct" time="28.686"/>
  <testcase classname="Generic_Utilties.BaseClass" name="@AfterTest AT" time="0.0">
    <ignored/>
  </testcase> <!-- @AfterTest AT -->
  <testcase classname="Generic_Utilties.BaseClass" name="@AfterTest AT" time="0.0">
    <ignored/>
  </testcase> <!-- @AfterTest AT -->
  <testcase classname="Generic_Utilties.BaseClass" name="@BeforeTest BT" time="0.0">
    <ignored/>
  </testcase> <!-- @BeforeTest BT -->
  <testcase classname="Generic_Utilties.BaseClass" name="@AfterSuite AS" time="0.0">
    <ignored/>
  </testcase> <!-- @AfterSuite AS -->
  <testcase classname="Generic_Utilties.BaseClass" name="@BeforeSuite BS" time="0.0">
    <ignored/>
  </testcase> <!-- @BeforeSuite BS -->
  <testcase classname="Generic_Utilties.BaseClass" name="@BeforeSuite BS" time="0.0">
    <ignored/>
  </testcase> <!-- @BeforeSuite BS -->
  <testcase classname="Generic_Utilties.BaseClass" name="@BeforeTest BT" time="0.0">
    <ignored/>
  </testcase> <!-- @BeforeTest BT -->
  <testcase classname="Generic_Utilties.BaseClass" name="@AfterSuite AS" time="0.0">
    <ignored/>
  </testcase> <!-- @AfterSuite AS -->
  <testcase classname="Generic_Utilties.BaseClass" name="@BeforeSuite BS" time="0.0">
    <ignored/>
  </testcase> <!-- @BeforeSuite BS -->
  <testcase classname="Generic_Utilties.BaseClass" name="@BeforeTest BT" time="0.0">
    <ignored/>
  </testcase> <!-- @BeforeTest BT -->
  <testcase classname="Generic_Utilties.BaseClass" name="@AfterSuite AS" time="0.0">
    <ignored/>
  </testcase> <!-- @AfterSuite AS -->
  <testcase classname="Generic_Utilties.BaseClass" name="@AfterTest AT" time="0.0">
    <ignored/>
  </testcase> <!-- @AfterTest AT -->
</testsuite> <!-- Test -->
