<?xml version="1.0" encoding="UTF-8"?>
<!-- Generated by org.testng.reporters.JUnitXMLReporter -->
<testsuite ignored="4" hostname="Sukanya" failures="0" tests="2" name="TestRunner2" time="178.155" errors="0" timestamp="2025-01-29T20:20:05 IST">
  <testcase classname="campaign.CreateCampaignWithProduct" name="createCampaignWithProduct" time="83.832"/>
  <testcase classname="organization.CreateOrganization" name="createOrganization" time="30.806"/>
  <testcase classname="Generic_Utilties.BaseClass" name="@BeforeSuite BS" time="0.0">
    <ignored/>
  </testcase> <!-- @BeforeSuite BS -->
  <testcase classname="Generic_Utilties.BaseClass" name="@AfterTest AT" time="0.0">
    <ignored/>
  </testcase> <!-- @AfterTest AT -->
  <testcase classname="Generic_Utilties.BaseClass" name="@BeforeTest BT" time="0.0">
    <ignored/>
  </testcase> <!-- @BeforeTest BT -->
  <testcase classname="Generic_Utilties.BaseClass" name="@AfterSuite AS" time="0.0">
    <ignored/>
  </testcase> <!-- @AfterSuite AS -->
</testsuite> <!-- TestRunner2 -->
